C:\教学课程\DIRECTX\DIRECTX\MY LAB\9.0\MYLAB_D3D9\DEBUG\MYLAB_D3D9.EXE
C:\教学课程\DIRECTX\DIRECTX\MY LAB\9.0\MYLAB_D3D9\DEBUG\MYLAB_D3D9.ILK
C:\教学课程\DIRECTX\DIRECTX\MY LAB\9.0\MYLAB_D3D9\DEBUG\MYLAB_D3D9.PDB
C:\教学课程\DIRECTX\DIRECTX\MY LAB\9.0\MYLAB_D3D9\MYLAB_D3D9\DEBUG\BOX.OBJ
C:\教学课程\DirectX\Directx\My Lab\9.0\mylab_d3d9\mylab_d3d9\Debug\cl.command.1.tlog
C:\教学课程\DirectX\Directx\My Lab\9.0\mylab_d3d9\mylab_d3d9\Debug\CL.read.1.tlog
C:\教学课程\DirectX\Directx\My Lab\9.0\mylab_d3d9\mylab_d3d9\Debug\CL.write.1.tlog
C:\教学课程\DIRECTX\DIRECTX\MY LAB\9.0\MYLAB_D3D9\MYLAB_D3D9\DEBUG\CYLINDER.OBJ
C:\教学课程\DIRECTX\DIRECTX\MY LAB\9.0\MYLAB_D3D9\MYLAB_D3D9\DEBUG\GAME.OBJ
C:\教学课程\DIRECTX\DIRECTX\MY LAB\9.0\MYLAB_D3D9\MYLAB_D3D9\DEBUG\LIGHT.OBJ
C:\教学课程\DirectX\Directx\My Lab\9.0\mylab_d3d9\mylab_d3d9\Debug\link.command.1.tlog
C:\教学课程\DirectX\Directx\My Lab\9.0\mylab_d3d9\mylab_d3d9\Debug\link.read.1.tlog
C:\教学课程\DirectX\Directx\My Lab\9.0\mylab_d3d9\mylab_d3d9\Debug\link.write.1.tlog
C:\教学课程\DirectX\Directx\My Lab\9.0\mylab_d3d9\mylab_d3d9\Debug\link-cvtres.read.1.tlog
C:\教学课程\DirectX\Directx\My Lab\9.0\mylab_d3d9\mylab_d3d9\Debug\link-cvtres.write.1.tlog
C:\教学课程\DirectX\Directx\My Lab\9.0\mylab_d3d9\mylab_d3d9\Debug\mt.command.1.tlog
C:\教学课程\DirectX\Directx\My Lab\9.0\mylab_d3d9\mylab_d3d9\Debug\mt.read.1.tlog
C:\教学课程\DirectX\Directx\My Lab\9.0\mylab_d3d9\mylab_d3d9\Debug\mt.write.1.tlog
C:\教学课程\DIRECTX\DIRECTX\MY LAB\9.0\MYLAB_D3D9\MYLAB_D3D9\DEBUG\MYLAB_D3D9.EXE.EMBED.MANIFEST
C:\教学课程\DIRECTX\DIRECTX\MY LAB\9.0\MYLAB_D3D9\MYLAB_D3D9\DEBUG\MYLAB_D3D9.EXE.EMBED.MANIFEST.RES
C:\教学课程\DIRECTX\DIRECTX\MY LAB\9.0\MYLAB_D3D9\MYLAB_D3D9\DEBUG\MYLAB_D3D9.EXE.INTERMEDIATE.MANIFEST
C:\教学课程\DIRECTX\DIRECTX\MY LAB\9.0\MYLAB_D3D9\MYLAB_D3D9\DEBUG\MYLAB_D3D9.OBJ
C:\教学课程\DIRECTX\DIRECTX\MY LAB\9.0\MYLAB_D3D9\MYLAB_D3D9\DEBUG\MYLAB_D3D9.PCH
C:\教学课程\DIRECTX\DIRECTX\MY LAB\9.0\MYLAB_D3D9\MYLAB_D3D9\DEBUG\MYLAB_D3D9.RES
C:\教学课程\DirectX\Directx\My Lab\9.0\mylab_d3d9\mylab_d3d9\Debug\mylab_d3d9.write.1.tlog
C:\教学课程\DirectX\Directx\My Lab\9.0\mylab_d3d9\mylab_d3d9\Debug\mylab_d3d9_manifest.rc
C:\教学课程\DIRECTX\DIRECTX\MY LAB\9.0\MYLAB_D3D9\MYLAB_D3D9\DEBUG\QUAD.OBJ
C:\教学课程\DIRECTX\DIRECTX\MY LAB\9.0\MYLAB_D3D9\MYLAB_D3D9\DEBUG\QUADINLIGHT.OBJ
C:\教学课程\DIRECTX\DIRECTX\MY LAB\9.0\MYLAB_D3D9\MYLAB_D3D9\DEBUG\QUADSIMPLE.OBJ
C:\教学课程\DirectX\Directx\My Lab\9.0\mylab_d3d9\mylab_d3d9\Debug\rc.command.1.tlog
C:\教学课程\DirectX\Directx\My Lab\9.0\mylab_d3d9\mylab_d3d9\Debug\rc.read.1.tlog
C:\教学课程\DirectX\Directx\My Lab\9.0\mylab_d3d9\mylab_d3d9\Debug\rc.write.1.tlog
C:\教学课程\DIRECTX\DIRECTX\MY LAB\9.0\MYLAB_D3D9\MYLAB_D3D9\DEBUG\STDAFX.OBJ
C:\教学课程\DirectX\Directx\My Lab\9.0\mylab_d3d9\mylab_d3d9\Debug\vc100.idb
C:\教学课程\DIRECTX\DIRECTX\MY LAB\9.0\MYLAB_D3D9\MYLAB_D3D9\DEBUG\VC100.PDB
