生成启动时间为 15/11/7 23:05:02。
     1>项目“C:\教学课程\DirectX\Directx\My Lab\9.0\mylab_d3d9\mylab_d3d9\mylab_d3d9.vcxproj”在节点 2 上(rebuild 个目标)。
     1>_PrepareForClean:
         正在删除文件“Debug\mylab_d3d9.lastbuildstate”。
       InitializeBuildStatus:
         正在创建“Debug\mylab_d3d9.unsuccessfulbuild”，因为已指定“AlwaysCreate”。
       ClCompile:
         c:\Program Files\Microsoft Visual Studio 10.0\VC\bin\CL.exe /c /ZI /nologo /W3 /WX- /Od /Oy- /D WIN32 /D _DEBUG /D _WINDOWS /D _UNICODE /D UNICODE /Gm /EHsc /RTC1 /MDd /GS /fp:precise /Zc:wchar_t /Zc:forScope /Yc"StdAfx.h" /Fp"Debug\mylab_d3d9.pch" /Fo"Debug\\" /Fd"Debug\vc100.pdb" /Gd /TP /analyze- /errorReport:prompt stdafx.cpp
         stdafx.cpp
         c:\Program Files\Microsoft Visual Studio 10.0\VC\bin\CL.exe /c /ZI /nologo /W3 /WX- /Od /Oy- /D WIN32 /D _DEBUG /D _WINDOWS /D _UNICODE /D UNICODE /Gm /EHsc /RTC1 /MDd /GS /fp:precise /Zc:wchar_t /Zc:forScope /Yu"StdAfx.h" /Fp"Debug\mylab_d3d9.pch" /Fo"Debug\\" /Fd"Debug\vc100.pdb" /Gd /TP /analyze- /errorReport:prompt Box.cpp Cylinder.cpp Game.cpp Light.cpp mylab_d3d9.cpp Quad.cpp QuadInlight.cpp QuadSimple.cpp
         QuadSimple.cpp
         QuadInlight.cpp
         Quad.cpp
         mylab_d3d9.cpp
         Light.cpp
         Game.cpp
     1>c:\教学课程\directx\directx\my lab\9.0\mylab_d3d9\mylab_d3d9\game.cpp(201): warning C4305: “参数”: 从“double”到“FLOAT”截断
     1>c:\教学课程\directx\directx\my lab\9.0\mylab_d3d9\mylab_d3d9\game.cpp(207): warning C4305: “参数”: 从“double”到“FLOAT”截断
         Cylinder.cpp
         Box.cpp
         正在生成代码...
       ResourceCompile:
         C:\Program Files\Microsoft SDKs\Windows\v7.0A\bin\rc.exe /D _UNICODE /D UNICODE /l"0x0409" /nologo /fo"Debug\mylab_d3d9.res" mylab_d3d9.rc 
       ManifestResourceCompile:
         C:\Program Files\Microsoft SDKs\Windows\v7.0A\bin\rc.exe /nologo /fo"Debug\mylab_d3d9.exe.embed.manifest.res" Debug\mylab_d3d9_manifest.rc 
       Link:
         c:\Program Files\Microsoft Visual Studio 10.0\VC\bin\link.exe /ERRORREPORT:PROMPT /OUT:"C:\教学课程\DirectX\Directx\My Lab\9.0\mylab_d3d9\Debug\mylab_d3d9.exe" /INCREMENTAL /NOLOGO d3d9.lib d3dx9.lib winmm.lib kernel32.lib user32.lib gdi32.lib winspool.lib comdlg32.lib advapi32.lib shell32.lib ole32.lib oleaut32.lib uuid.lib odbc32.lib odbccp32.lib /MANIFEST /ManifestFile:"Debug\mylab_d3d9.exe.intermediate.manifest" /MANIFESTUAC:"level='asInvoker' uiAccess='false'" /DEBUG /PDB:"C:\教学课程\DirectX\Directx\My Lab\9.0\mylab_d3d9\Debug\mylab_d3d9.pdb" /SUBSYSTEM:WINDOWS /TLBID:1 /DYNAMICBASE /NXCOMPAT /IMPLIB:"C:\教学课程\DirectX\Directx\My Lab\9.0\mylab_d3d9\Debug\mylab_d3d9.lib" /MACHINE:X86 Debug\mylab_d3d9.res
         Debug\mylab_d3d9.exe.embed.manifest.res
         Debug\Box.obj
         Debug\Cylinder.obj
         Debug\Game.obj
         Debug\Light.obj
         Debug\mylab_d3d9.obj
         Debug\Quad.obj
         Debug\QuadInlight.obj
         Debug\QuadSimple.obj
         Debug\stdafx.obj
       Manifest:
         正在删除文件“Debug\mylab_d3d9.exe.embed.manifest”。
         C:\Program Files\Microsoft SDKs\Windows\v7.0A\bin\mt.exe /nologo /verbose /out:"Debug\mylab_d3d9.exe.embed.manifest" /manifest Debug\mylab_d3d9.exe.intermediate.manifest
         C:\Program Files\Microsoft SDKs\Windows\v7.0A\bin\rc.exe /nologo /fo"Debug\mylab_d3d9.exe.embed.manifest.res" Debug\mylab_d3d9_manifest.rc 
       LinkEmbedManifest:
         c:\Program Files\Microsoft Visual Studio 10.0\VC\bin\link.exe /ERRORREPORT:PROMPT /OUT:"C:\教学课程\DirectX\Directx\My Lab\9.0\mylab_d3d9\Debug\mylab_d3d9.exe" /INCREMENTAL /NOLOGO d3d9.lib d3dx9.lib winmm.lib kernel32.lib user32.lib gdi32.lib winspool.lib comdlg32.lib advapi32.lib shell32.lib ole32.lib oleaut32.lib uuid.lib odbc32.lib odbccp32.lib /MANIFEST /ManifestFile:"Debug\mylab_d3d9.exe.intermediate.manifest" /MANIFESTUAC:"level='asInvoker' uiAccess='false'" /DEBUG /PDB:"C:\教学课程\DirectX\Directx\My Lab\9.0\mylab_d3d9\Debug\mylab_d3d9.pdb" /SUBSYSTEM:WINDOWS /TLBID:1 /DYNAMICBASE /NXCOMPAT /IMPLIB:"C:\教学课程\DirectX\Directx\My Lab\9.0\mylab_d3d9\Debug\mylab_d3d9.lib" /MACHINE:X86 Debug\mylab_d3d9.res
         Debug\mylab_d3d9.exe.embed.manifest.res
         Debug\Box.obj
         Debug\Cylinder.obj
         Debug\Game.obj
         Debug\Light.obj
         Debug\mylab_d3d9.obj
         Debug\Quad.obj
         Debug\QuadInlight.obj
         Debug\QuadSimple.obj
         Debug\stdafx.obj
         mylab_d3d9.vcxproj -> C:\教学课程\DirectX\Directx\My Lab\9.0\mylab_d3d9\Debug\mylab_d3d9.exe
       FinalizeBuildStatus:
         正在删除文件“Debug\mylab_d3d9.unsuccessfulbuild”。
         正在对“Debug\mylab_d3d9.lastbuildstate”执行 Touch 任务。
     1>已完成生成项目“C:\教学课程\DirectX\Directx\My Lab\9.0\mylab_d3d9\mylab_d3d9\mylab_d3d9.vcxproj”(rebuild 个目标)的操作。

生成成功。

已用时间 00:00:02.67
